TN:
SF:/mnt/c/Data/Code/Work/tari_utilities/src/bit.rs
FN:28,byte_to_bits
FN:37,bits_to_byte
FN:46,bytes_to_bits
FN:56,bits_to_bytes
FN:69,checked_uint_to_bits
FN:84,checked_bits_to_uint
FN:108,it_returns_empty_vec_if_bit_count_is_zero
FN:113,{closure#0}
FN:118,{closure#0}
FN:124,{closure#0}
FNF:10
FNDA:0,byte_to_bits
FNDA:0,bits_to_byte
FNDA:0,bytes_to_bits
FNDA:0,bits_to_bytes
FNDA:1,checked_uint_to_bits
FNDA:1,checked_bits_to_uint
FNDA:3,it_returns_empty_vec_if_bit_count_is_zero
FNDA:3,{closure#0}
FNDA:3,{closure#0}
FNDA:3,{closure#0}
DA:28,0
DA:29,0
DA:30,0
DA:31,0
DA:37,0
DA:38,0
DA:39,0
DA:40,0
DA:46,0
DA:47,0
DA:48,0
DA:49,0
DA:50,0
DA:56,0
DA:57,0
DA:58,0
DA:59,0
DA:60,0
DA:61,0
DA:62,0
DA:69,1
DA:70,2
DA:71,1
DA:74,2
DA:75,6
DA:76,1
DA:78,1
DA:84,1
DA:87,2
DA:88,1
DA:90,1
DA:91,4
DA:92,1
DA:94,1
DA:108,3
DA:109,2
DA:113,3
DA:114,2
DA:118,3
DA:119,1
DA:120,2
DA:124,3
DA:127,1
DA:128,1
DA:129,1
DA:131,1
DA:132,1
DA:133,1
DA:135,1
DA:136,1
DA:137,1
DA:139,1
DA:140,1
DA:141,1
DA:144,1
DA:145,1
DA:146,1
DA:148,1
DA:149,1
DA:150,1
DA:152,1
DA:164,1
DA:165,1
LF:63
LH:43
end_of_record
TN:
SF:/mnt/c/Data/Code/Work/tari_utilities/src/byte_array.rs
FN:40,to_vec<[u8; 32]>
FN:46,from_vec<[u8; 32]>
FN:60,to_vec
FN:64,from_vec
FN:68,from_bytes
FN:72,as_bytes
FN:78,from_bytes
FN:87,as_bytes
FN:93,from_hex<[u8; 32]>
FN:95,{closure#0}<[u8; 32]>
FN:108,test_error_handling
FNF:11
FNDA:0,to_vec<[u8; 32]>
FNDA:0,from_vec<[u8; 32]>
FNDA:0,to_vec
FNDA:0,from_vec
FNDA:1,from_bytes
FNDA:1,as_bytes
FNDA:1,from_bytes
FNDA:0,as_bytes
FNDA:1,from_hex<[u8; 32]>
FNDA:5,{closure#0}<[u8; 32]>
FNDA:3,test_error_handling
DA:40,0
DA:41,0
DA:46,0
DA:47,0
DA:60,0
DA:61,0
DA:64,0
DA:65,0
DA:68,1
DA:69,1
DA:72,1
DA:73,1
DA:78,1
DA:79,1
DA:80,1
DA:82,0
DA:83,0
DA:84,0
DA:87,0
DA:93,1
DA:94,1
DA:95,5
DA:98,0
DA:99,0
DA:108,3
DA:109,1
DA:110,1
DA:112,2
DA:113,1
DA:115,0
LF:30
LH:15
end_of_record
TN:
SF:/mnt/c/Data/Code/Work/tari_utilities/src/convert.rs
FN:28,try_convert_all<i64, u32, alloc::vec::Vec<i64, alloc::alloc::Global>>
FN:46,{closure#0}
FN:52,{closure#0}
FNF:3
FNDA:2,try_convert_all<i64, u32, alloc::vec::Vec<i64, alloc::alloc::Global>>
FNDA:3,{closure#0}
FNDA:3,{closure#0}
DA:28,2
DA:33,2
DA:34,2
DA:35,6
DA:36,4
DA:38,1
DA:46,3
DA:47,1
DA:48,1
DA:52,3
DA:53,1
DA:54,1
LF:12
LH:12
end_of_record
TN:
SF:/mnt/c/Data/Code/Work/tari_utilities/src/encoding.rs
FN:45,from_base58<alloc::vec::Vec<u8, alloc::alloc::Global>>
FN:51,to_base58<alloc::vec::Vec<u8, alloc::alloc::Global>>
FN:63,{closure#0}
FN:71,{closure#0}
FN:77,{closure#0}
FNF:5
FNDA:1,from_base58<alloc::vec::Vec<u8, alloc::alloc::Global>>
FNDA:1,to_base58<alloc::vec::Vec<u8, alloc::alloc::Global>>
FNDA:3,{closure#0}
FNDA:3,{closure#0}
FNDA:3,{closure#0}
DA:45,1
DA:47,2
DA:48,3
DA:51,1
DA:52,1
DA:63,3
DA:64,1
DA:65,1
DA:66,1
DA:67,2
DA:71,3
DA:72,1
DA:73,1
DA:77,3
DA:78,1
DA:79,1
DA:80,1
LF:17
LH:17
end_of_record
TN:
SF:/mnt/c/Data/Code/Work/tari_utilities/src/epoch_time.rs
FN:40,now
FN:50,from_secs_since_epoch
FN:55,as_u64
FN:62,increase
FN:67,checked_add
FN:72,checked_sub
FN:89,div
FN:95,fmt
FN:101,from
FN:111,{closure#0}
FNF:10
FNDA:0,now
FNDA:0,from_secs_since_epoch
FNDA:0,as_u64
FNDA:0,increase
FNDA:0,checked_add
FNDA:0,checked_sub
FNDA:0,div
FNDA:0,fmt
FNDA:1,from
FNDA:3,{closure#0}
DA:40,0
DA:42,0
DA:50,0
DA:51,0
DA:55,0
DA:62,0
DA:63,0
DA:64,0
DA:67,0
DA:68,0
DA:72,0
DA:73,0
DA:89,0
DA:90,0
DA:95,0
DA:96,0
DA:101,1
DA:102,1
DA:111,3
DA:112,1
DA:113,2
LF:21
LH:5
end_of_record
TN:
SF:/mnt/c/Data/Code/Work/tari_utilities/src/fixed_set.rs
FN:34,new<tari_utilities::fixed_set::test::Foo>
FN:39,size<tari_utilities::fixed_set::test::Foo>
FN:44,set_item<usize>
FN:53,get_item<tari_utilities::fixed_set::test::Foo>
FN:61,clear_item<tari_utilities::fixed_set::test::Foo>
FN:68,is_full<usize>
FN:73,search<tari_utilities::fixed_set::test::Foo>
FN:76,{closure#0}<tari_utilities::fixed_set::test::Foo>
FN:80,sum<usize>
FN:106,iter<usize>
FN:107,{closure#0}<usize>
FN:123,{closure#0}
FN:131,data
FN:153,{closure#0}
FN:188,{closure#0}
FN:203,{closure#0}
FNF:16
FNDA:4,new<tari_utilities::fixed_set::test::Foo>
FNDA:2,size<tari_utilities::fixed_set::test::Foo>
FNDA:3,set_item<usize>
FNDA:2,get_item<tari_utilities::fixed_set::test::Foo>
FNDA:1,clear_item<tari_utilities::fixed_set::test::Foo>
FNDA:2,is_full<usize>
FNDA:1,search<tari_utilities::fixed_set::test::Foo>
FNDA:5,{closure#0}<tari_utilities::fixed_set::test::Foo>
FNDA:1,sum<usize>
FNDA:1,iter<usize>
FNDA:3,{closure#0}<usize>
FNDA:3,{closure#0}
FNDA:1,data
FNDA:3,{closure#0}
FNDA:3,{closure#0}
FNDA:3,{closure#0}
DA:34,4
DA:35,4
DA:39,2
DA:40,2
DA:44,3
DA:45,3
DA:46,2
DA:48,6
DA:49,3
DA:53,2
DA:54,2
DA:55,1
DA:56,1
DA:61,1
DA:62,2
DA:63,1
DA:68,2
DA:69,2
DA:73,1
DA:74,2
DA:76,5
DA:80,1
DA:84,1
DA:85,2
DA:87,1
DA:88,1
DA:90,2
DA:92,1
DA:93,4
DA:94,1
DA:96,1
DA:100,0
DA:101,0
DA:106,1
DA:107,3
DA:123,3
DA:124,1
DA:125,1
DA:126,2
DA:127,2
DA:128,2
DA:131,1
DA:134,1
DA:137,1
DA:140,1
DA:143,1
DA:146,1
DA:148,0
DA:153,3
DA:154,1
DA:156,1
DA:158,2
DA:159,2
DA:161,2
DA:162,2
DA:164,2
DA:165,2
DA:167,2
DA:168,2
DA:170,2
DA:171,2
DA:173,1
DA:174,1
DA:176,2
DA:177,2
DA:178,2
DA:180,2
DA:182,2
DA:183,1
DA:184,1
DA:188,3
DA:189,1
DA:190,1
DA:191,2
DA:192,1
DA:193,1
DA:194,1
DA:195,1
DA:196,1
DA:197,1
DA:198,1
DA:199,1
DA:203,3
DA:204,1
DA:205,1
DA:206,1
DA:207,1
DA:208,1
DA:209,2
LF:89
LH:86
end_of_record
TN:
SF:/mnt/c/Data/Code/Work/tari_utilities/src/hex.rs
FN:55,to_hex<i32>
FN:65,to_hex_multiple
FN:74,from_hex
FN:113,{closure#0}
FN:120,{closure#0}
FN:133,{closure#0}
FN:146,{closure#0}
FNF:7
FNDA:1,to_hex<i32>
FNDA:0,to_hex_multiple
FNDA:1,from_hex
FNDA:3,{closure#0}
FNDA:3,{closure#0}
FNDA:3,{closure#0}
FNDA:3,{closure#0}
DA:55,1
DA:57,1
DA:58,3
DA:59,1
DA:61,0
DA:65,0
DA:66,0
DA:67,0
DA:68,0
DA:74,1
DA:75,1
DA:76,1
DA:77,1
DA:79,3
DA:80,1
DA:82,1
DA:84,1
DA:85,1
DA:87,1
DA:88,1
DA:89,5
DA:90,1
DA:91,4
DA:92,1
DA:93,1
DA:96,1
DA:105,0
DA:113,3
DA:114,1
DA:115,1
DA:116,1
DA:120,3
DA:121,1
DA:122,1
DA:123,1
DA:124,1
DA:125,1
DA:126,1
DA:127,2
DA:129,2
DA:133,3
DA:134,1
DA:135,1
DA:136,2
DA:137,1
DA:139,0
DA:142,2
DA:146,3
DA:147,1
DA:148,1
DA:149,2
DA:150,1
DA:151,2
DA:152,0
DA:154,1
LF:55
LH:47
end_of_record
TN:
SF:/mnt/c/Data/Code/Work/tari_utilities/src/message_format.rs
FN:55,to_binary<tari_utilities::message_format::test::TestMessage>
FN:59,to_json<tari_utilities::message_format::test::TestMessage>
FN:63,to_base64<tari_utilities::message_format::test::TestMessage>
FN:68,from_binary<tari_utilities::message_format::test::TestMessage>
FN:72,from_json<tari_utilities::message_format::test::TestMessage>
FN:77,from_base64<tari_utilities::message_format::test::TestMessage>
FN:98,new
FN:106,set_sub_message
FN:112,binary_simple
FN:124,base64_simple
FN:133,json_simple
FN:142,nested_message
FN:177,fail_json
FN:190,fail_base64
FN:208,fail_binary
FNF:15
FNDA:1,to_binary<tari_utilities::message_format::test::TestMessage>
FNDA:1,to_json<tari_utilities::message_format::test::TestMessage>
FNDA:1,to_base64<tari_utilities::message_format::test::TestMessage>
FNDA:1,from_binary<tari_utilities::message_format::test::TestMessage>
FNDA:1,from_json<tari_utilities::message_format::test::TestMessage>
FNDA:1,from_base64<tari_utilities::message_format::test::TestMessage>
FNDA:4,new
FNDA:1,set_sub_message
FNDA:3,binary_simple
FNDA:3,base64_simple
FNDA:3,json_simple
FNDA:3,nested_message
FNDA:3,fail_json
FNDA:3,fail_base64
FNDA:3,fail_binary
DA:55,1
DA:56,1
DA:59,1
DA:60,1
DA:63,1
DA:64,1
DA:65,2
DA:68,1
DA:69,3
DA:72,1
DA:73,1
DA:74,1
DA:77,1
DA:78,2
DA:79,2
DA:98,4
DA:100,4
DA:106,1
DA:107,2
DA:112,3
DA:113,1
DA:114,1
DA:115,1
DA:119,2
DA:120,1
DA:124,3
DA:125,1
DA:126,1
DA:127,1
DA:128,2
DA:129,1
DA:133,3
DA:134,1
DA:135,1
DA:136,1
DA:137,2
DA:138,1
DA:142,3
DA:143,1
DA:144,1
DA:145,1
DA:147,2
DA:148,1
DA:154,2
DA:155,1
DA:160,2
DA:161,2
DA:163,1
DA:166,1
DA:167,1
DA:169,2
DA:170,1
DA:172,2
DA:173,1
DA:177,3
DA:178,1
DA:179,1
DA:180,1
DA:181,2
DA:182,2
DA:183,2
DA:185,0
DA:190,3
DA:191,1
DA:192,1
DA:193,1
DA:194,1
DA:195,1
DA:197,0
DA:200,2
DA:201,1
DA:203,0
DA:208,3
DA:209,1
DA:210,1
DA:213,0
LF:76
LH:72
end_of_record
TN:
SF:/mnt/c/Data/Code/Work/tari_utilities/src/thread_join/thread_join.rs
FN:42,spawn_join_thread<()>
FN:44,{closure#0}<()>
FN:51,timeout_join<()>
FN:76,timeout_join<()>
FN:88,test_normal_thread_join
FN:90,{closure#0}
FN:99,{closure#0}
FN:101,{closure#0}
FNF:8
FNDA:1,spawn_join_thread<()>
FNDA:5,{closure#0}<()>
FNDA:1,timeout_join<()>
FNDA:1,timeout_join<()>
FNDA:3,test_normal_thread_join
FNDA:2,{closure#0}
FNDA:3,{closure#0}
FNDA:2,{closure#0}
DA:42,1
DA:44,5
DA:45,3
DA:46,0
DA:51,1
DA:53,1
DA:54,1
DA:57,4
DA:58,1
DA:59,1
DA:60,0
DA:62,1
DA:63,0
DA:76,1
DA:77,1
DA:88,3
DA:90,2
DA:91,1
DA:94,1
DA:95,2
DA:99,3
DA:101,2
DA:102,1
DA:105,1
DA:106,2
LF:25
LH:22
end_of_record
